


DK:MEMDMP.BIN/B/N/S:1/E:44
BLOCK NUMBER  000001
000/ 027 215 340 000 337 025 020 000 322 377 337 025 064 000 062 377
020/ 337 025 256 002 130 000 337 025 340 000 132 000 337 025 366 002
040/ 060 000 337 025 340 000 062 000 337 125 017 000 320 337 337 027
060/ 320 337 200 377 367 105 007 000 214 335 367 035 210 335 104 375
100/ 067 212 254 335 367 105 010 000 174 335 367 035 170 335 064 375
120/ 300 025 000 007 301 025 000 004 305 025 000 100 337 125 200 000
140/ 300 337 337 027 300 337 000 377 025 020 025 020 025 020 025 020
160/ 025 020 025 020 025 020 025 020 111 176 337 105 200 373 300 337
200/ 337 027 300 337 000 377 027 215 000 000 367 011 040 064 367 011
220/ 346 050 303 025 274 110 302 025 000 250 313 245 210 000 166 003
240/ 300 224 301 224 301 105 000 377 022 220 102 176 366 001 327 027
260/ 042 377 000 000 367 065 002 000 370 377 032 003 327 027 040 377
300/ 000 000 267 021 134 000 367 105 000 377 364 377 327 055 360 377
320/ 264 000 007 003 367 035 350 377 122 000 327 035 342 377 000 000
340/ 002 000 367 035 370 377 104 000 002 000 337 025 064 000 062 377
360/ 337 013 040 377 002 000 367 225 377 000 230 065 366 025 340 000
400/ 002 000 002 000 027 215 340 000 367 213 210 065 004 003 337 011
420/ 004 340 057 207 044 001 046 021 304 025 010 000 001 177 204 025
440/ 327 013 000 000 046 003 067 012 370 377 300 025 000 000 327 055
460/ 372 377 150 000 002 002 137 000 000 364 367 035 356 377 066 000
500/ 367 345 222 000 060 000 025 201 367 045 022 000 050 000 021 207
520/ 367 145 170 003 040 000 300 237 034 000 300 105 000 377 367 213
540/ 062 065 003 003 027 215 340 000 002 001 027 215 000 000 300 013
560/ 207 000 000 012 364 001 000 000 261 000 263 113 061 062 063 064
600/ 264 066 271 067 070 071 266 267 270 071 061 000 367 011 262 062
620/ 367 011 344 047 367 011 170 063 367 011 220 063 303 025 204 071
640/ 367 011 036 063 303 025 006 076 367 011 026 063 337 225 001 000
660/ 006 200 300 227 006 200 300 212 002 003 367 011 000 001 367 011
700/ 364 047 337 225 001 000 035 200 337 225 001 000 007 200 337 225
720/ 003 000 010 200 367 025 000 250 236 065 337 235 232 065 011 200
740/ 337 235 225 065 012 200 367 025 206 052 214 065 337 235 210 065
760/ 013 200 337 235 203 065 014 200 167 000 322 000 037 212 035 200


BLOCK NUMBER  000002
000/ 367 011 222 064 002 003 167 000 304 000 300 227 006 200 300 212
020/ 002 003 367 011 250 000 300 025 037 000 067 220 122 065 367 011
040/ 164 064 002 003 167 000 246 000 300 235 104 065 303 025 264 062
060/ 002 012 304 025 040 000 004 340 067 220 070 065 267 220 065 065
100/ 367 011 256 062 321 224 002 177 003 140 202 012 302 045 030 000
120/ 360 002 046 020 367 011 324 062 200 025 300 012 336 200 301 025
140/ 000 160 367 011 060 064 002 003 167 000 142 000 106 176 300 025
160/ 001 000 067 220 372 064 367 011 034 064 002 003 167 000 116 000
200/ 300 235 354 064 303 025 264 062 002 012 003 140 304 025 040 000
220/ 004 340 267 220 337 064 067 212 332 064 367 011 124 062 321 224
240/ 002 177 202 012 302 045 030 000 360 002 046 020 367 011 174 062
260/ 200 025 200 012 300 045 040 000 334 002 167 000 322 376 367 011
300/ 116 062 367 011 146 062 303 025 006 076 167 000 364 061 300 227
320/ 006 200 300 212 002 003 367 011 344 377 367 011 232 046 367 011
340/ 324 046 367 011 366 046 367 011 272 034 367 011 066 013 002 206
360/ 167 000 010 377 367 011 064 062 367 011 060 046 367 011 322 037
400/ 367 011 062 044 367 011 344 040 367 011 310 034 367 011 132 036
420/ 367 011 240 024 367 011 370 023 367 011 000 023 367 011 340 015
440/ 367 011 004 037 367 011 324 044 367 011 052 034 367 011 114 046
460/ 367 011 226 040 367 011 030 036 367 011 252 025 367 011 172 016
500/ 367 011 170 022 367 011 006 024 367 011 024 023 367 011 210 023
520/ 367 011 056 037 367 011 252 040 300 227 034 200 027 240 002 000
540/ 002 002 167 000 034 007 300 213 002 003 167 000 002 005 337 213
560/ 035 200 013 003 367 011 036 063 002 003 167 000 176 376 300 227
600/ 035 200 200 212 002 002 167 000 162 376 327 247 155 200 012 000
620/ 261 207 337 225 017 000 041 200 337 225 007 000 042 200 037 012
640/ 044 200 037 212 051 200 337 225 377 000 050 200 367 011 174 061
660/ 367 011 170 045 367 011 032 037 367 011 172 043 367 011 024 034
700/ 367 011 246 035 367 011 216 033 367 011 260 045 367 011 100 023
720/ 367 011 110 022 367 011 050 015 367 011 114 036 367 011 316 014
740/ 367 011 030 044 367 011 342 037 367 011 144 035 367 011 136 023
760/ 367 011 154 022 367 011 212 036 337 213 016 200 327 002 367 011


BLOCK NUMBER  000003
000/ 222 020 337 212 041 200 322 002 367 011 144 006 367 011 034 061
020/ 367 011 030 045 367 011 272 036 367 011 032 043 367 011 264 033
040/ 367 011 106 035 367 011 056 033 367 011 106 006 367 011 114 045
060/ 367 011 334 022 367 011 344 021 367 011 304 014 367 011 350 035
100/ 367 011 244 014 367 011 146 014 367 011 260 043 367 011 172 037
120/ 367 011 374 034 367 011 366 022 367 011 004 022 367 011 042 036
140/ 337 213 016 200 323 002 300 227 042 200 027 240 014 000 004 003
160/ 200 212 037 220 042 200 312 001 367 011 224 013 337 025 200 004
200/ 174 200 337 225 003 000 176 200 367 011 240 044 367 011 102 036
220/ 367 011 242 042 367 011 074 033 367 011 316 034 367 011 210 035
240/ 367 011 130 043 367 011 042 037 367 011 244 034 367 011 322 035
260/ 367 011 242 032 367 011 164 060 327 247 155 200 013 000 003 002
300/ 337 213 154 200 010 003 337 213 015 200 336 002 367 011 214 031
320/ 367 011 014 047 331 001 367 011 236 044 367 011 062 060 367 011
340/ 112 060 303 025 210 102 367 011 330 057 367 011 200 045 367 011
360/ 262 032 367 011 102 012 002 206 167 000 000 375 367 011 054 060
400/ 367 011 050 044 367 011 312 035 367 011 052 042 367 011 334 036
420/ 367 011 300 032 367 011 122 034 367 011 230 022 367 011 032 031
440/ 367 011 316 026 367 011 056 030 367 011 324 013 367 011 002 036
460/ 367 011 310 042 367 011 036 032 367 011 100 044 367 011 212 036
500/ 367 011 014 034 367 011 072 035 367 011 156 014 367 011 154 020
520/ 367 011 030 027 367 011 120 030 367 011 212 023 367 011 046 040
540/ 337 213 034 200 002 003 167 000 300 006 337 213 035 200 013 003
560/ 367 011 042 061 002 003 167 000 202 374 300 227 035 200 200 212
600/ 002 002 167 000 166 374 337 213 036 200 002 002 167 000 154 377
620/ 337 213 037 200 002 002 167 000 142 377 327 247 041 200 002 000
640/ 002 003 167 000 126 377 367 011 146 012 367 011 142 057 367 011
660/ 172 057 303 025 012 107 367 011 010 057 367 011 156 043 367 011
700/ 020 035 367 011 142 001 367 011 154 041 367 011 006 032 367 011
720/ 230 033 367 011 122 034 367 011 240 001 367 011 036 042 367 011
740/ 164 031 367 011 226 043 367 011 340 035 367 011 142 033 367 011
760/ 220 034 367 011 066 057 337 213 016 200 337 002 367 011 134 030


BLOCK NUMBER  000004
000/ 327 247 155 200 025 000 331 002 300 227 154 200 300 212 325 002
020/ 337 025 000 001 174 200 337 025 000 040 176 200 367 011 014 043
040/ 367 011 256 034 367 011 000 001 367 011 012 041 367 011 244 031
060/ 367 011 066 033 367 011 360 033 367 011 076 001 367 011 274 041
100/ 367 011 350 056 327 247 175 200 002 000 014 206 367 011 006 031
120/ 367 011 050 043 367 011 162 035 367 011 364 032 367 011 042 034
140/ 167 000 104 000 303 025 174 200 367 011 000 043 035 207 367 011
160/ 344 030 300 227 075 202 303 025 101 202 302 025 102 202 301 025
200/ 037 000 342 230 102 176 042 220 337 012 162 200 303 027 162 200
220/ 303 145 126 042 313 213 003 002 337 025 124 000 162 200 337 213
240/ 164 200 002 003 237 212 165 200 303 025 176 200 367 011 274 042
260/ 002 206 167 000 146 377 237 212 175 200 327 247 175 200 012 000
300/ 370 207 001 012 301 012 101 176 367 011 254 042 037 212 172 200
320/ 301 025 377 000 146 020 367 011 122 042 367 011 364 033 367 011
340/ 106 000 367 011 006 001 367 011 114 040 367 011 346 030 367 011
360/ 170 032 367 011 062 033 367 011 214 000 367 011 376 040 367 011
400/ 122 001 367 011 046 056 201 025 133 176 367 011 002 056 367 011
420/ 032 056 303 025 006 076 367 011 250 055 337 213 035 200 000 002
440/ 237 212 007 200 167 000 272 373 303 025 300 060 067 212 104 060
460/ 304 225 011 000 327 247 155 200 025 000 026 003 300 227 154 200
500/ 022 003 302 025 040 000 002 340 046 020 203 140 067 221 045 060
520/ 367 011 236 055 300 025 012 000 321 224 002 176 200 025 204 012
540/ 027 041 027 000 361 207 207 000 067 221 011 060 367 011 202 055
560/ 302 025 300 001 321 224 202 176 207 000 303 025 222 011 301 025
600/ 310 202 167 000 160 057 303 025 257 011 301 025 313 202 167 000
620/ 144 057 103 117 116 107 122 101 124 125 122 101 124 111 117 116
640/ 041 011 131 117 125 011 123 125 103 123 105 123 123 041 000 124
660/ 110 105 011 124 122 101 111 116 011 111 123 011 123 124 117 120
700/ 120 105 104 041 000 000 337 213 035 200 001 003 207 000 303 025
720/ 332 011 301 025 316 203 167 000 034 057 124 122 131 011 116 105
740/ 130 124 011 122 117 125 116 104 041 041 000 000 337 213 172 200
760/ 001 002 207 000 301 025 356 203 146 020 367 011 104 000 201 025


BLOCK NUMBER  000005
000/ 201 012 327 247 172 200 002 000 002 207 367 011 064 000 301 025
020/ 116 204 327 247 172 200 005 000 354 207 004 003 303 025 064 012
040/ 167 000 336 040 303 025 052 012 373 001 203 040 307 204 040 331
060/ 204 000 000 000 202 001 203 037 222 001 223 037 242 001 243 000
100/ 000 000 300 025 177 000 302 025 006 000 011 220 301 145 040 000
120/ 204 176 207 000 337 213 022 200 006 002 327 247 172 200 006 000
140/ 002 206 237 212 172 200 207 000 000 237 000 000 020 000 100 011
160/ 367 011 004 041 367 011 370 001 037 212 065 200 037 212 061 200
200/ 337 025 000 004 174 200 337 025 000 001 176 200 337 025 000 020
220/ 200 200 001 012 146 020 367 011 222 054 367 011 216 040 367 011
240/ 060 032 367 011 220 036 367 011 052 027 367 011 274 030 367 011
260/ 070 001 367 011 376 016 367 011 054 020 367 011 136 015 367 011
300/ 236 015 367 011 142 031 367 011 062 037 303 025 200 200 367 011
320/ 232 040 337 213 175 200 005 002 367 011 366 025 367 011 362 025
340/ 014 001 303 025 174 200 367 011 202 040 002 207 367 011 342 025
360/ 337 213 200 200 002 002 337 212 175 200 337 213 175 200 007 003
400/ 367 011 306 032 367 011 110 030 367 011 166 031 051 001 327 247
420/ 177 200 004 000 045 206 303 025 176 200 367 011 116 040 033 207
440/ 300 227 075 202 303 025 101 202 302 025 102 202 301 025 037 000
460/ 342 230 102 176 042 220 337 012 162 200 303 027 162 200 303 145
500/ 126 042 313 213 003 002 337 025 124 000 162 200 337 213 164 200
520/ 002 003 237 212 165 200 337 213 200 200 002 002 237 212 177 200
540/ 327 247 177 200 004 000 007 206 337 213 176 200 004 002 303 025
560/ 061 200 367 011 366 037 300 227 042 200 027 240 025 000 024 003
600/ 200 212 037 220 042 200 027 240 025 000 006 003 337 213 035 200
620/ 013 002 367 011 334 000 010 001 367 011 334 037 337 225 001 000
640/ 040 200 337 025 070 066 032 200 367 011 252 025 337 213 030 200
660/ 002 002 367 011 306 037 300 227 035 200 002 003 367 011 326 054
700/ 201 025 337 213 035 200 004 003 300 213 002 003 167 000 054 370
720/ 301 212 002 003 167 000 274 376 367 011 234 037 337 212 010 200
740/ 002 003 167 000 374 370 167 000 346 003 301 227 041 200 367 227
760/ 042 200 201 055 127 240 040 000 001 207 207 000 127 240 036 000


BLOCK NUMBER  000006
000/ 002 207 301 225 035 000 337 265 001 000 061 200 002 003 267 212
020/ 143 055 167 220 136 055 367 011 330 052 303 025 074 014 300 227
040/ 061 200 012 003 303 025 111 014 300 212 006 003 303 025 126 014
060/ 300 212 002 003 303 025 143 014 167 000 306 036 300 001 301 037
100/ 320 001 321 037 340 001 341 000 000 302 001 303 001 304 036 322
120/ 001 323 001 324 000 000 305 001 306 037 325 001 326 037 345 001
140/ 346 000 000 307 001 310 001 311 036 327 001 330 001 331 000 000
160/ 207 000 207 000 000 000 000 000 000 000 000 276 017 000 000 001
200/ 000 011 037 212 065 200 037 212 061 200 337 025 000 001 174 200
220/ 337 025 000 002 176 200 337 025 000 006 200 200 037 212 172 200
240/ 337 225 050 000 173 200 337 225 050 000 104 202 001 012 146 020
260/ 367 011 170 052 367 011 156 000 367 011 160 036 367 011 022 030
300/ 367 011 162 034 367 011 014 025 367 011 236 026 367 011 032 377
320/ 367 011 340 014 367 011 016 016 367 011 100 013 367 011 200 013
340/ 367 011 104 027 367 011 352 023 367 011 346 023 367 011 014 035
360/ 337 213 030 200 002 002 367 011 202 036 337 213 035 200 047 002
400/ 301 227 172 200 300 227 173 200 007 201 100 140 300 065 000 377
420/ 034 002 037 220 172 200 033 001 100 140 300 065 000 377 025 002
440/ 037 220 172 200 024 001 337 213 104 202 001 002 207 000 037 212
460/ 104 202 302 025 364 001 301 025 012 000 367 011 202 053 302 025
500/ 130 002 301 025 017 000 167 000 166 053 037 213 173 200 327 247
520/ 175 200 020 000 050 206 303 025 174 200 367 011 016 036 043 207
540/ 327 247 042 200 025 000 037 206 300 227 046 202 303 025 043 202
560/ 302 025 042 202 301 025 037 000 322 224 102 176 012 220 237 012
600/ 162 200 303 027 162 200 303 145 253 377 002 002 037 012 162 200
620/ 337 213 164 200 010 003 337 212 165 200 327 247 165 200 040 000
640/ 002 207 037 212 164 200 303 025 176 200 367 011 276 035 021 207
660/ 300 227 042 200 027 240 025 000 014 206 200 212 037 220 042 200
700/ 027 240 025 000 006 002 337 225 001 000 040 200 337 025 070 066
720/ 032 200 327 247 175 200 020 000 007 206 303 025 200 200 367 011
740/ 212 035 002 207 237 212 175 200 337 213 035 200 002 003 367 011
760/ 244 052 201 025 337 213 035 200 004 003 300 213 002 003 167 000


BLOCK NUMBER  000007
000/ 372 365 301 212 002 003 167 000 244 376 367 011 152 035 337 212
020/ 010 200 002 003 167 000 312 366 167 000 264 001 000 003 000 000
040/ 000 000 000 276 020 000 000 000 177 011 367 011 112 035 327 247
060/ 042 200 021 000 003 207 337 225 020 000 042 200 037 212 061 200
100/ 300 227 034 200 200 212 002 002 167 000 172 000 303 025 302 017
120/ 367 011 046 035 301 025 100 000 146 020 367 011 316 050 367 011
140/ 312 034 367 011 154 026 367 011 314 032 367 011 146 023 367 011
160/ 370 024 367 011 164 375 367 011 072 013 367 011 274 021 367 011
200/ 160 017 367 011 320 020 367 011 250 026 367 011 156 033 367 011
220/ 070 027 367 011 272 024 367 011 350 025 367 011 316 017 337 213
240/ 035 200 002 003 367 011 356 051 201 025 337 213 035 200 004 003
260/ 300 213 002 003 167 000 104 365 161 176 337 225 001 000 040 200
300/ 337 025 056 066 032 200 301 025 062 000 146 020 367 011 134 050
320/ 367 011 130 034 367 011 372 025 367 011 132 032 367 011 364 022
340/ 367 011 206 024 367 011 122 021 367 011 376 374 367 011 102 026
360/ 367 011 010 033 367 011 322 026 367 011 124 024 367 011 202 025
400/ 367 011 122 022 337 213 016 200 020 002 303 025 061 200 367 011
420/ 132 034 367 011 146 034 300 227 040 200 007 002 200 212 037 220
440/ 040 200 337 025 056 066 032 200 364 001 337 213 035 200 002 003
460/ 367 011 142 051 201 025 337 213 035 200 004 003 300 213 002 003
500/ 167 000 270 364 176 176 337 225 001 000 040 200 303 025 070 066
520/ 301 025 106 000 146 020 367 011 322 047 367 011 316 033 367 011
540/ 160 025 367 011 320 031 367 011 152 022 367 011 374 023 367 011
560/ 310 020 367 011 164 374 367 011 270 025 367 011 176 032 367 011
600/ 110 026 367 011 312 023 367 011 370 024 367 011 310 021 337 213
620/ 030 200 002 002 367 011 344 033 337 213 035 200 002 003 367 011
640/ 364 050 201 025 337 213 035 200 004 003 300 213 002 003 167 000
660/ 112 364 160 176 337 212 010 200 002 003 167 000 054 367 167 000
700/ 016 000 376 017 000 000 000 000 000 276 020 000 000 000 140 011
720/ 367 011 244 033 337 213 035 200 002 003 167 000 036 364 001 012
740/ 146 020 367 011 106 047 367 011 350 024 367 011 110 031 367 011
760/ 342 021 367 011 164 023 367 011 360 373 367 011 052 024 367 011


BLOCK NUMBER  000010
000/ 060 025 301 025 261 202 303 025 172 052 367 011 350 050 367 011
020/ 204 050 201 025 300 213 002 003 167 000 262 364 301 212 340 002
040/ 167 000 216 363 367 011 120 033 303 025 052 021 367 011 112 033
060/ 337 225 353 000 042 200 337 213 035 200 005 003 367 011 126 050
100/ 261 000 001 003 207 000 367 011 342 046 367 011 336 032 367 011
120/ 200 024 367 011 340 030 367 011 264 000 367 011 236 031 367 011
140/ 150 025 367 011 156 021 367 011 346 022 367 011 222 002 300 227
160/ 042 200 300 145 003 000 037 220 174 200 367 011 156 000 337 213
200/ 016 200 331 002 300 227 042 200 027 240 007 000 004 003 200 212
220/ 037 220 042 200 320 001 337 213 035 200 005 003 367 011 366 047
240/ 261 000 001 003 207 000 367 011 202 046 367 011 176 032 367 011
260/ 040 024 367 011 200 030 367 011 124 000 367 011 076 031 367 011
300/ 010 025 367 011 016 021 367 011 206 022 367 011 062 002 367 011
320/ 032 000 337 213 016 200 337 002 300 227 174 200 004 003 300 212
340/ 037 220 174 200 330 001 367 011 216 032 207 000 301 025 127 202
360/ 300 227 174 200 001 002 207 000 001 200 207 000 002 020 302 105
400/ 000 377 311 225 342 000 301 145 040 000 205 176 207 000 303 025
420/ 032 021 301 025 317 202 167 000 334 047 123 124 101 107 105 040
440/ 061 040 040 122 105 101 104 131 041 000 024 000 036 000 000 011
460/ 001 260 020 010 020 170 002 014 367 011 074 032 337 225 036 000
500/ 041 200 000 012 037 220 051 200 300 212 037 220 050 200 337 213
520/ 035 200 006 003 367 011 076 047 300 213 261 000 001 003 207 000
540/ 367 011 310 045 367 011 304 031 367 011 146 023 367 011 306 027
560/ 367 011 140 020 367 011 362 021 367 011 332 017 367 011 200 001
600/ 367 011 256 023 367 011 160 000 367 011 160 030 367 011 072 024
620/ 367 011 274 021 367 011 352 022 337 213 016 200 330 002 367 011
640/ 362 004 337 212 041 200 327 247 041 200 017 000 320 002 037 212
660/ 043 200 301 025 100 000 146 020 367 011 160 045 367 011 154 031
700/ 367 011 016 023 367 011 156 027 367 011 010 020 367 011 232 021
720/ 367 011 202 017 367 011 050 001 367 011 126 023 367 011 030 000
740/ 367 011 030 030 367 011 342 023 367 011 144 021 367 011 222 022
760/ 201 025 137 176 300 213 207 000 303 025 000 022 167 000 022 377


BLOCK NUMBER  000011
000/ 123 124 101 107 105 040 062 040 040 122 105 101 104 131 041 000
020/ 337 213 035 200 001 003 207 000 337 227 004 200 172 200 367 011
040/ 012 031 367 011 254 022 367 011 014 027 367 011 246 017 367 011
060/ 070 021 367 011 362 021 367 011 050 000 367 011 276 027 367 011
100/ 352 044 302 025 062 000 301 025 012 000 367 011 162 046 337 213
120/ 004 200 002 002 167 000 040 031 337 212 004 200 237 012 000 200
140/ 336 001 301 025 312 202 303 025 206 022 367 011 210 046 301 025
160/ 320 202 300 227 172 200 367 011 304 046 301 025 327 202 300 227
200/ 172 200 167 000 270 046 102 117 116 125 123 040 040 040 040 052
220/ 061 060 075 040 040 040 060 040 120 117 111 116 124 123 000 000
240/ 000 001 200 001 000 000 000 274 020 020 000 000 004 010 303 025
260/ 272 022 301 025 315 202 167 000 074 046 123 124 101 107 105 040
300/ 061 040 040 103 117 115 120 114 105 124 105 041 000 000 303 025
320/ 324 022 357 001 123 124 101 107 105 040 062 040 040 103 117 115
340/ 120 114 105 124 105 041 000 000 301 025 306 203 300 025 150 000
360/ 302 025 003 000 021 220 011 220 301 145 037 000 205 176 207 000
400/ 367 227 041 200 156 046 367 227 042 200 151 046 367 011 342 043
420/ 337 213 044 200 064 002 303 025 226 023 337 213 042 200 036 200
440/ 067 212 121 046 367 227 041 200 112 046 367 011 304 043 300 227
460/ 042 200 000 213 300 105 000 377 027 240 002 000 007 206 300 214
500/ 300 214 003 140 367 011 272 027 167 000 266 027 027 240 003 000
520/ 001 207 207 000 303 025 237 023 167 000 246 027 337 227 051 200
540/ 103 202 367 011 234 027 337 227 051 200 103 202 337 213 043 200
560/ 002 002 167 000 214 027 303 025 244 023 167 000 204 027 303 025
600/ 251 023 300 227 051 200 300 214 300 214 300 214 300 214 037 220
620/ 103 202 167 000 154 027 200 001 201 037 220 001 221 037 000 240
640/ 001 241 000 000 260 001 261 000 000 204 001 205 001 206 001 207
660/ 035 224 001 225 001 226 001 227 000 000 337 213 045 200 002 003
700/ 167 000 372 002 337 213 047 200 002 003 167 000 222 002 337 213
720/ 036 200 011 002 337 225 017 000 041 200 300 025 007 000 304 227
740/ 006 200 304 212 007 003 300 025 020 000 337 213 046 200 002 003
760/ 300 025 014 000 037 220 042 200 337 213 035 200 030 003 367 227


BLOCK NUMBER  000012
000/ 011 200 164 045 367 227 012 200 157 045 303 035 152 045 300 224
020/ 367 020 144 045 337 235 140 045 011 200 337 235 133 045 012 200
040/ 303 345 377 270 067 207 337 225 377 000 035 200 207 000 367 213
060/ 142 044 016 003 301 027 142 377 101 012 301 014 301 014 301 014
100/ 301 105 177 377 146 020 367 011 222 043 201 025 100 320 006 001
120/ 367 011 260 356 300 245 113 000 001 002 000 012 367 227 011 200
140/ 026 045 367 227 012 200 021 045 303 035 014 045 303 345 377 270
160/ 021 206 367 227 011 200 000 045 367 227 012 200 373 044 303 035
200/ 366 044 023 220 367 020 360 044 337 235 354 044 011 200 337 235
220/ 347 044 012 200 046 020 300 065 200 000 002 003 367 011 316 002
240/ 200 025 300 105 200 377 300 345 061 000 300 105 000 377 042 003
260/ 300 212 046 003 300 212 047 003 037 212 044 200 300 212 020 003
300/ 300 345 002 000 300 105 000 377 015 003 300 212 015 003 300 212
320/ 015 003 300 212 015 003 037 212 043 200 037 212 050 200 207 000
340/ 167 000 176 000 167 000 222 000 167 000 244 000 167 000 256 000
360/ 167 000 262 000 037 212 051 200 337 225 377 000 050 200 011 001
400/ 037 212 050 200 006 001 337 225 001 000 050 200 337 225 002 000
420/ 051 200 337 213 046 200 036 002 037 212 050 200 337 213 036 200
440/ 030 002 337 213 044 200 010 002 301 227 051 200 301 212 300 227
460/ 041 200 100 140 037 220 041 200 337 225 001 000 044 200 304 227
500/ 006 200 300 025 010 000 304 212 002 003 300 025 021 000 037 220
520/ 042 200 207 000 037 212 046 200 337 225 001 000 047 200 167 000
540/ 376 000 037 212 051 200 337 225 377 000 050 200 337 213 046 200
560/ 002 003 167 000 336 377 167 000 174 000 337 225 001 000 050 200
600/ 337 225 002 000 051 200 337 213 046 200 344 002 167 000 236 000
620/ 037 212 051 200 337 225 377 000 050 200 167 000 024 000 037 212
640/ 050 200 167 000 014 000 337 225 001 000 050 200 337 225 002 000
660/ 051 200 337 213 046 200 001 003 207 000 337 225 001 000 045 200
700/ 337 225 001 000 055 200 337 225 337 000 056 200 337 225 040 000
720/ 057 200 337 225 017 000 060 200 337 225 012 000 043 200 303 025
740/ 110 027 300 227 006 200 300 212 002 003 303 025 127 027 337 020
760/ 052 200 167 000 310 000 337 213 016 200 336 002 337 225 377 000


BLOCK NUMBER  000013
000/ 050 200 337 213 036 200 017 003 300 227 041 200 027 240 003 000
020/ 005 206 337 225 003 000 041 200 167 000 170 000 300 212 037 220
040/ 041 200 167 000 156 000 367 011 062 012 167 000 146 000 337 213
060/ 016 200 302 002 337 225 001 000 050 200 337 213 036 200 015 003
100/ 300 227 041 200 027 240 035 000 004 207 337 225 035 000 041 200
120/ 041 001 200 212 037 220 041 200 035 001 367 011 164 012 032 001
140/ 337 213 016 200 001 003 207 000 300 227 042 200 027 240 020 000
160/ 014 003 200 212 037 220 042 200 300 227 050 200 364 003 200 212
200/ 002 002 167 000 160 377 167 000 244 377 037 212 047 200 037 212
220/ 043 200 207 000 337 213 050 200 016 003 337 213 045 200 013 002
240/ 337 213 047 200 010 002 300 227 043 200 304 025 020 000 000 171
260/ 037 220 043 200 207 000 337 225 020 000 043 200 207 000 300 227
300/ 006 200 300 212 044 003 327 247 042 200 014 000 040 002 302 025
320/ 372 000 303 025 002 201 301 227 041 200 301 212 301 105 000 377
340/ 103 140 300 222 200 340 300 105 000 377 021 002 203 012 203 012
360/ 203 012 300 222 200 340 300 105 000 377 011 002 037 220 045 200
400/ 200 212 037 220 046 200 337 225 014 000 042 200 207 000 303 027
420/ 052 200 304 224 300 227 042 200 000 141 037 220 042 200 337 020
440/ 052 200 300 222 300 345 210 000 300 105 000 377 004 002 037 220
460/ 045 200 037 220 043 200 300 227 050 200 350 003 200 212 002 003
500/ 167 000 352 376 167 000 256 376 377 000 377 000 000 000 000 000
520/ 000 000 001 000 000 001 210 377 000 377 000 377 000 377 000 000
540/ 000 000 000 000 000 001 000 001 000 001 000 001 210 000 037 212
560/ 044 200 337 213 054 200 041 003 327 247 042 200 007 000 035 002
600/ 337 213 065 200 004 003 327 247 063 200 040 000 026 207 000 012
620/ 037 220 054 200 200 212 037 220 065 200 037 220 071 200 337 225
640/ 050 000 066 200 037 212 067 200 337 225 021 000 063 200 337 225
660/ 010 000 064 200 337 225 360 000 072 200 207 000 337 213 035 200
700/ 374 002 337 213 055 200 371 003 300 227 060 200 200 212 003 002
720/ 037 212 055 200 207 000 301 227 057 200 301 105 000 377 301 065
740/ 200 000 013 002 300 227 056 200 300 105 000 377 100 140 300 065
760/ 000 001 014 002 037 220 056 200 013 001 300 227 056 200 100 140


BLOCK NUMBER  000014
000/ 027 240 337 000 003 207 037 220 056 200 002 001 037 213 057 200
020/ 337 213 016 200 002 002 337 212 060 200 207 000 337 213 065 200
040/ 374 003 300 227 063 200 027 240 036 000 367 206 067 220 104 041
060/ 367 227 064 200 077 041 367 011 270 036 303 025 126 030 300 227
100/ 067 200 027 240 003 000 002 207 300 025 001 000 300 014 037 220
120/ 103 202 167 000 254 022 312 001 313 037 332 001 333 000 000 000
140/ 300 227 065 200 047 003 300 212 051 002 300 227 063 200 300 105
160/ 000 377 027 240 040 000 003 207 300 345 040 000 370 001 300 105
200/ 000 377 303 025 202 200 003 140 327 242 040 000 003 002 337 225
220/ 002 000 065 200 303 025 067 200 337 213 016 200 002 002 367 011
240/ 312 022 337 213 022 200 006 002 337 212 066 200 004 002 337 225
260/ 002 000 065 200 207 000 237 212 063 200 207 000 300 227 064 200
300/ 027 240 026 000 005 207 037 212 065 200 037 212 075 200 207 000
320/ 200 212 037 220 064 200 207 000 337 213 035 200 030 002 337 213
340/ 071 200 025 003 302 227 072 200 302 105 000 377 301 025 005 000
360/ 367 011 314 037 300 227 072 200 300 105 000 377 300 345 036 000
400/ 037 220 072 200 300 065 000 377 002 003 037 212 071 200 207 000
420/ 337 213 074 200 374 003 300 227 073 200 027 240 036 000 367 206
440/ 067 220 120 040 367 225 005 000 113 040 367 011 304 035 303 025
460/ 126 030 300 227 076 200 027 240 003 000 002 207 300 025 001 000
500/ 300 014 300 145 040 000 037 220 103 202 167 000 264 021 337 213
520/ 074 200 037 003 303 025 076 200 337 213 016 200 002 002 367 011
540/ 012 022 300 227 050 200 010 003 300 212 003 003 300 227 015 200
560/ 005 001 300 227 020 200 002 001 300 227 016 200 300 213 010 002
600/ 237 212 073 200 327 247 073 200 100 000 002 207 037 012 074 200
620/ 207 000 300 227 075 200 300 345 002 000 037 220 075 200 300 213
640/ 010 201 300 227 065 200 005 002 037 220 073 200 200 012 037 220
660/ 074 200 207 000 337 213 036 200 005 002 305 025 100 200 100 223
700/ 200 212 001 002 207 000 365 213 005 000 021 003 100 235 006 000
720/ 027 240 040 000 014 206 067 220 232 037 167 235 007 000 225 037
740/ 367 011 016 035 300 227 006 200 300 145 347 000 011 220 315 213
760/ 003 002 305 145 010 000 343 001 100 235 002 000 027 240 036 000


BLOCK NUMBER  000015
000/ 370 206 067 220 156 037 167 235 003 000 151 037 367 011 342 034
020/ 100 235 004 000 027 240 010 000 101 003 303 025 250 032 100 235
040/ 004 000 300 105 000 377 002 020 302 014 002 140 302 014 203 140
060/ 104 235 001 000 304 105 000 377 302 025 037 000 100 223 300 212
100/ 002 003 304 025 003 000 321 224 311 224 201 140 004 177 127 243
120/ 003 000 317 002 127 255 001 000 004 000 313 206 167 235 002 000
140/ 022 037 300 227 006 200 300 212 010 002 267 212 006 037 267 212
160/ 002 037 367 225 010 000 375 036 005 001 367 212 366 036 367 225
200/ 021 000 361 036 367 011 152 034 300 227 006 200 300 105 000 377
220/ 300 345 352 000 000 213 011 220 167 000 126 377 303 025 330 032
240/ 367 011 136 020 167 000 112 377 216 217 210 211 230 231 216 217
260/ 212 213 232 233 216 217 214 215 234 235 216 217 212 213 232 233
300/ 216 217 250 251 270 271 216 217 252 253 272 273 254 255 274 275
320/ 236 237 256 257 276 277 236 237 254 001 255 001 256 036 274 001
340/ 275 001 276 000 000 000 337 213 036 200 046 002 037 212 141 200
360/ 305 025 100 200 100 223 027 240 377 000 010 003 300 212 003 003
400/ 305 145 010 000 367 001 337 225 001 000 141 200 305 025 100 200
420/ 100 223 200 212 021 003 365 213 005 000 027 003 300 227 006 200
440/ 300 212 013 002 365 212 006 000 100 235 006 000 027 240 370 000
460/ 014 207 065 212 005 000 011 001 207 000 265 212 006 000 127 255
500/ 006 000 100 000 002 207 065 212 005 000 337 213 016 200 025 002
520/ 100 223 300 212 010 003 300 212 010 003 300 212 010 003 300 212
540/ 010 003 167 000 034 000 167 000 266 000 167 000 034 001 167 000
560/ 262 001 167 000 026 002 167 000 126 002 305 145 010 000 167 000
600/ 216 377 337 213 034 200 371 002 365 212 001 000 366 002 337 213
620/ 141 200 361 002 300 227 006 200 300 212 052 002 337 213 155 200
640/ 352 003 303 025 202 200 301 025 040 000 300 025 040 000 023 240
660/ 002 003 103 176 001 001 301 012 300 025 037 000 100 340 027 240
700/ 021 000 005 206 300 145 040 000 300 105 000 377 370 001 315 225
720/ 001 000 365 225 001 000 001 000 065 220 002 000 365 225 013 000
740/ 003 000 065 212 004 000 337 225 001 000 141 200 167 000 212 377
760/ 315 225 002 000 300 025 012 000 304 227 007 200 304 212 002 003


BLOCK NUMBER  000016
000/ 300 025 005 000 065 220 001 000 065 212 002 000 365 225 020 000
020/ 003 000 365 225 001 000 004 000 167 000 136 377 167 000 260 001
040/ 300 227 006 200 300 212 372 002 337 225 001 000 141 200 127 255
060/ 002 000 100 000 363 206 127 255 001 000 003 000 006 003 365 212
100/ 003 000 265 212 001 000 167 000 060 377 127 255 003 000 006 000
120/ 004 003 365 212 003 000 167 000 040 377 315 225 002 000 300 025
140/ 012 000 304 227 007 200 304 212 002 003 300 025 005 000 065 220
160/ 001 000 365 212 002 000 365 212 002 000 365 225 007 000 003 000
200/ 365 225 001 000 004 000 167 000 360 376 300 227 006 200 300 212
220/ 053 002 127 255 002 000 017 000 366 207 127 255 002 000 100 000
240/ 002 207 167 000 052 001 337 213 034 200 355 002 365 212 001 000
260/ 011 002 315 225 003 000 065 212 001 000 365 225 005 000 004 000
300/ 167 000 266 376 265 212 004 000 127 255 004 000 004 000 002 207
320/ 065 212 004 000 365 212 002 000 127 255 002 000 036 000 002 207
340/ 365 212 002 000 167 000 222 376 127 255 002 000 100 000 331 206
360/ 365 212 001 000 011 002 315 225 003 000 065 212 001 000 365 225
400/ 005 000 004 000 167 000 162 376 265 212 004 000 127 255 004 000
420/ 004 000 002 207 065 212 004 000 265 212 002 000 167 000 132 376
440/ 167 000 254 000 127 255 002 000 100 000 372 206 265 212 001 000
460/ 100 235 001 000 027 240 010 000 007 207 315 225 002 000 365 225
500/ 040 000 001 000 167 000 062 376 027 240 004 000 373 002 365 225
520/ 004 000 004 000 365 225 001 000 005 000 300 227 006 200 300 212
540/ 012 002 100 035 002 000 300 212 065 220 006 000 365 225 010 000
560/ 007 000 167 000 004 376 100 235 002 000 300 145 002 000 065 220
600/ 006 000 365 225 021 000 007 000 167 000 356 375 300 227 006 200
620/ 300 212 033 002 265 212 002 000 265 212 003 000 100 235 004 000
640/ 300 345 006 000 300 105 000 377 304 025 001 000 000 171 300 145
660/ 006 000 065 220 004 000 127 255 003 000 026 000 303 207 015 212
700/ 365 225 024 000 001 000 167 000 260 375 365 212 001 000 272 002
720/ 015 212 300 227 006 200 300 105 000 377 027 240 004 000 002 207
740/ 300 025 003 000 300 014 300 014 300 014 065 220 001 000 167 000
760/ 210 375 301 227 144 200 300 227 143 200 100 140 037 220 102 202


BLOCK NUMBER  000017
000/ 367 227 142 200 156 033 367 225 015 000 151 033 303 025 150 036
020/ 367 011 030 000 267 212 134 033 367 011 020 000 367 212 124 033
040/ 267 212 121 033 367 011 004 000 267 212 110 033 346 035 104 033
060/ 300 235 100 033 300 105 000 377 027 240 040 000 011 207 027 240
100/ 200 000 003 206 300 345 040 000 365 001 300 145 040 000 362 001
120/ 067 220 040 033 367 011 232 030 300 227 102 202 304 224 000 141
140/ 011 220 267 025 016 033 207 000 314 315 334 335 337 213 016 200
160/ 007 002 304 025 002 000 300 227 143 200 000 171 037 220 143 200
200/ 337 213 034 200 077 002 301 227 007 200 300 227 016 200 301 212
220/ 005 003 300 227 015 200 301 212 001 003 002 001 300 213 062 002
240/ 367 227 145 200 322 032 367 227 146 200 315 032 303 035 310 032
260/ 337 213 144 200 002 002 301 224 002 001 301 224 001 213 301 105
300/ 000 377 300 227 142 200 100 140 037 220 142 200 300 222 367 020
320/ 246 032 337 235 242 032 145 200 337 235 235 032 146 200 027 240
340/ 210 000 020 002 300 227 144 200 304 025 040 000 000 171 037 220
360/ 144 200 367 025 006 037 200 032 337 235 174 032 145 200 337 235
400/ 167 032 146 200 207 000 000 000 000 000 001 001 377 001 001 000
420/ 001 001 001 000 000 000 377 000 001 377 377 000 000 001 001 001
440/ 001 001 377 377 001 000 000 377 000 000 000 001 001 001 000 000
460/ 000 001 001 001 001 001 001 377 001 000 000 001 001 001 000 377
500/ 000 000 000 001 001 001 000 000 001 001 001 000 377 000 000 001
520/ 001 000 000 000 000 210 337 213 036 200 040 003 367 227 147 200
540/ 022 032 367 227 150 200 015 032 367 011 206 027 303 025 236 037
560/ 367 011 216 013 337 213 035 200 021 002 302 025 100 000 301 025
600/ 012 000 300 227 153 200 027 240 017 000 002 002 367 011 060 031
620/ 300 227 153 200 003 003 300 212 037 220 153 200 207 000 312 001
640/ 313 037 332 001 333 000 000 000 337 213 036 200 067 003 301 227
660/ 007 200 300 227 016 200 301 212 002 003 300 227 015 200 300 213
700/ 055 002 301 227 151 200 300 227 147 200 100 140 300 105 000 377
720/ 037 220 147 200 027 240 003 000 004 003 027 240 035 000 010 003
740/ 016 001 337 225 001 000 151 200 337 225 017 000 153 200 007 001
760/ 337 225 377 000 151 200 337 225 017 000 153 200 000 001 301 227


BLOCK NUMBER  000020
000/ 152 200 300 227 150 200 100 140 300 105 000 377 037 220 150 200
020/ 027 240 013 000 004 003 027 240 021 000 010 003 207 000 337 225
040/ 001 000 152 200 337 225 017 000 153 200 207 000 337 225 377 000
060/ 152 200 337 225 017 000 153 200 207 000 337 213 036 200 374 003
100/ 337 213 037 200 371 002 301 025 325 203 303 025 122 040 167 000
120/ 260 012 353 001 257 037 373 001 277 000 000 000 303 025 240 200
140/ 304 025 015 000 302 020 202 012 200 222 301 025 037 000 202 012
160/ 203 012 342 230 102 176 042 220 303 145 076 000 015 177 303 025
200/ 100 200 300 222 200 212 014 003 300 212 002 003 263 212 002 000
220/ 363 213 005 000 002 003 263 212 006 000 303 145 010 000 361 001
240/ 237 212 063 200 237 212 142 200 300 227 154 200 200 212 037 220
260/ 154 200 300 345 040 000 300 105 000 377 012 002 037 220 154 200
300/ 237 212 155 200 300 227 142 200 300 345 040 000 037 220 142 200
320/ 207 000 300 227 155 200 300 327 154 200 372 003 303 025 203 200
340/ 302 025 202 200 304 025 015 000 200 222 301 025 037 000 322 224
360/ 102 176 022 220 203 012 010 177 303 025 100 200 300 222 200 212
400/ 014 003 300 212 002 003 363 212 002 000 363 213 005 000 002 003
420/ 363 212 006 000 303 145 010 000 361 001 337 212 063 200 337 212
440/ 142 200 300 227 154 200 300 212 037 220 154 200 200 212 017 002
460/ 300 227 155 200 015 003 300 212 037 220 155 200 337 225 037 000
500/ 154 200 300 227 142 200 300 145 040 000 037 220 142 200 207 000
520/ 037 212 154 200 207 000 237 012 156 200 303 027 156 200 300 222
540/ 027 240 377 000 004 002 303 025 216 041 337 020 156 200 300 213
560/ 361 003 300 227 155 200 300 327 154 200 354 003 337 213 035 200
600/ 351 002 302 025 302 001 301 025 002 000 167 000 062 027 001 000
620/ 001 000 000 001 000 001 000 000 000 000 000 000 000 000 000 000
640/ 000 000 000 377 303 025 040 056 302 025 202 200 301 025 240 001
660/ 322 224 102 176 300 227 006 200 300 105 000 377 300 212 001 002
700/ 207 000 303 025 300 057 302 025 242 200 301 025 000 001 322 224
720/ 102 176 207 000 301 025 106 203 303 027 162 200 303 145 126 042
740/ 300 025 040 000 002 020 013 240 001 003 311 222 203 012 201 012
760/ 206 176 303 027 162 200 303 145 323 042 300 025 040 000 002 020


BLOCK NUMBER  000021
000/ 013 240 003 003 011 240 001 002 311 222 203 012 201 012 210 176
020/ 146 020 303 027 162 200 303 145 323 042 301 025 041 000 300 025
040/ 370 000 023 240 003 003 103 176 201 025 207 000 301 012 102 020
060/ 201 025 303 025 040 000 203 340 303 145 240 377 301 140 302 025
100/ 020 000 127 242 040 000 002 002 311 225 370 000 301 145 040 000
120/ 210 176 207 000 000 000 370 360 361 362 363 363 364 364 365 365
140/ 366 366 367 367 040 040 040 040 040 040 040 040 040 040 040 040
160/ 040 040 040 040 040 040 040 040 040 040 040 040 040 040 040 040
200/ 040 040 040 040 040 040 040 040 040 040 040 040 040 040 040 040
220/ 040 040 040 040 040 040 040 040 040 040 040 040 040 040 367 367
240/ 366 366 365 365 364 364 363 363 362 361 360 370 360 361 362 363
260/ 363 364 364 365 365 366 366 367 367 040 040 040 040 040 040 040
300/ 040 040 040 040 040 040 040 040 040 040 040 040 040 040 040 040
320/ 040 040 040 370 040 040 040 040 040 040 040 040 040 040 040 040
340/ 040 360 360 360 361 361 361 362 362 362 363 363 363 364 364 364
360/ 364 365 365 365 365 365 366 366 366 366 366 366 366 366 366 366
400/ 366 366 366 366 366 366 365 365 365 365 365 364 364 364 364 363
420/ 363 363 362 362 362 361 361 361 360 360 360 040 040 040 040 040
440/ 040 040 040 040 040 040 040 040 370 040 040 040 040 040 040 040
460/ 040 040 040 040 040 040 360 360 360 361 361 361 362 362 362 363
500/ 363 363 364 364 364 364 365 365 365 365 365 366 366 366 366 366
520/ 337 345 002 000 162 200 303 027 162 200 303 145 126 042 313 213
540/ 003 002 337 025 124 000 162 200 207 000 337 213 164 200 002 002
560/ 167 000 174 000 300 227 165 200 027 240 040 000 101 206 067 220
600/ 362 025 367 225 006 000 355 025 302 025 020 000 367 011 142 023
620/ 146 020 100 222 027 240 040 000 006 003 027 240 371 000 005 206
640/ 027 240 360 000 002 207 311 225 371 000 301 145 040 000 217 176
660/ 201 025 302 227 165 200 302 105 000 377 202 014 202 014 302 345
700/ 004 000 302 213 035 003 003 201 303 025 001 000 003 001 303 025
720/ 377 377 002 213 302 105 000 377 300 227 165 200 300 105 000 377
740/ 027 240 040 000 002 206 311 225 371 000 301 140 300 140 212 176
760/ 337 213 167 200 001 003 207 000 327 247 166 200 024 000 373 206


BLOCK NUMBER  000022
000/ 327 247 022 200 003 000 367 206 300 227 006 200 300 212 363 002
020/ 337 213 035 200 360 002 337 213 034 200 355 002 301 025 224 202
040/ 303 025 160 044 167 000 316 024 337 213 164 200 040 003 300 227
060/ 165 200 300 105 000 377 067 020 066 025 200 014 200 014 300 345
100/ 004 000 300 155 052 025 300 105 000 377 027 240 040 000 017 206
120/ 067 220 040 025 367 225 006 000 033 025 302 025 022 000 367 011
140/ 220 022 300 025 371 000 011 220 301 145 040 000 204 176 207 000
160/ 002 001 003 037 022 001 023 002 000 103 101 125 124 111 117 116
200/ 041 000 337 213 164 200 012 002 337 012 166 200 006 002 337 225
220/ 001 000 164 200 337 225 001 000 165 200 207 000 300 227 165 200
240/ 300 145 002 000 037 220 165 200 027 240 040 000 366 207 037 212
260/ 164 200 303 027 170 200 367 224 274 024 367 224 271 024 302 035
300/ 264 024 337 020 170 200 237 020 166 200 347 002 303 025 240 062
320/ 362 001 303 025 202 200 302 025 206 203 301 025 300 001 322 224
340/ 102 176 337 213 155 200 001 003 207 000 300 227 154 200 300 105
360/ 000 377 302 025 040 000 002 340 302 105 000 377 067 220 164 024
400/ 367 225 012 000 157 024 367 011 350 021 303 025 014 000 300 025
420/ 040 000 204 020 021 220 002 177 304 227 154 200 304 105 000 377
440/ 001 003 001 141 314 176 300 025 147 000 204 020 021 220 002 177
460/ 207 000 300 227 006 200 300 212 051 003 337 213 155 200 046 003
500/ 367 227 154 200 056 024 367 212 052 024 367 225 014 000 045 024
520/ 302 025 347 000 304 025 007 000 367 011 062 000 267 212 024 024
540/ 302 025 150 000 304 025 007 000 367 011 042 000 267 212 004 024
560/ 302 025 150 000 304 025 007 000 367 011 022 000 267 212 364 023
600/ 302 025 347 000 304 025 007 000 367 011 002 000 207 000 346 035
620/ 342 023 300 235 336 023 300 105 000 377 027 240 040 000 011 207
640/ 027 240 200 000 003 206 300 345 040 000 365 001 300 145 040 000
660/ 362 001 067 220 276 023 367 011 070 021 211 220 301 145 040 000
700/ 304 212 373 002 267 025 254 023 207 000 367 227 074 202 242 023
720/ 300 227 075 202 303 025 100 202 302 025 102 202 301 025 036 000
740/ 342 230 102 176 042 220 342 235 210 023 207 000 337 213 026 200
760/ 001 003 207 000 337 213 004 200 001 002 207 000 337 212 004 200


BLOCK NUMBER  000023
000/ 207 000 337 213 034 200 001 003 207 000 337 213 004 200 004 002
020/ 337 225 377 000 034 200 207 000 327 247 042 200 007 000 014 002
040/ 301 025 225 203 302 025 040 000 102 244 032 002 102 242 030 002
060/ 337 225 001 000 034 200 207 000 327 247 042 200 007 000 020 206
100/ 337 213 164 200 015 003 300 227 165 200 300 345 017 000 300 105
120/ 000 377 027 240 002 000 004 206 337 225 002 000 034 200 207 000
140/ 305 025 100 200 302 025 010 000 100 223 300 105 000 377 027 240
160/ 377 000 002 002 167 000 246 000 027 240 002 000 072 207 027 240
200/ 004 000 067 003 100 235 002 000 300 345 015 000 300 105 000 377
220/ 027 240 004 000 036 206 327 247 042 200 005 000 004 003 337 225
240/ 003 000 034 200 207 000 315 225 004 000 265 212 002 000 265 212
260/ 003 000 365 225 006 000 004 000 337 225 001 000 040 200 337 025
300/ 030 066 032 200 337 213 035 200 003 002 337 145 012 000 000 200
320/ 207 000 300 227 065 200 300 212 014 002 300 227 063 200 104 235
340/ 002 000 000 341 300 105 000 377 027 240 003 000 002 206 167 000
360/ 264 377 365 213 005 000 020 003 100 235 006 000 300 345 017 000
400/ 027 240 002 000 011 206 337 213 044 200 006 002 337 225 004 000
420/ 034 200 065 212 005 000 207 000 205 140 167 000 112 377 300 227
440/ 065 200 300 212 016 002 300 227 063 200 300 345 015 000 027 240
460/ 004 000 007 206 337 225 005 000 034 200 337 225 002 000 065 200
500/ 207 000 337 213 074 200 036 003 300 227 073 200 300 345 015 000
520/ 027 240 004 000 027 206 300 227 042 200 300 345 005 000 300 105
540/ 000 377 020 002 300 227 054 200 015 002 037 220 074 200 037 220
560/ 075 200 200 012 037 220 054 200 037 220 040 200 337 025 324 065
600/ 032 200 207 000 207 000 337 213 034 200 006 002 337 213 004 200
620/ 004 002 337 225 377 000 034 200 207 000 337 213 155 200 013 002
640/ 327 247 154 200 022 000 007 002 337 225 001 000 034 200 337 225
660/ 025 000 042 200 207 000 337 213 036 200 002 003 167 000 312 000
700/ 327 247 155 200 023 000 006 002 327 247 154 200 022 000 002 002
720/ 167 000 150 005 305 025 100 200 302 025 010 000 100 223 027 240
740/ 377 000 002 002 167 000 242 000 027 240 002 000 061 207 027 240
760/ 004 000 056 003 100 235 002 000 300 345 016 000 300 105 000 377


BLOCK NUMBER  000024
000/ 027 240 003 000 045 206 300 227 042 200 027 240 016 000 040 207
020/ 027 240 020 000 004 207 337 225 003 000 034 200 207 000 315 225
040/ 004 000 365 225 010 000 001 000 265 212 002 000 265 212 003 000
060/ 365 225 010 000 004 000 337 225 001 000 040 200 337 025 030 066
100/ 032 200 337 213 035 200 003 002 337 145 012 000 000 200 207 000
120/ 365 213 005 000 027 003 100 235 006 000 300 345 017 000 300 105
140/ 000 377 027 240 002 000 016 206 300 227 042 200 027 240 016 000
160/ 011 207 027 240 021 000 006 003 337 225 004 000 034 200 065 212
200/ 005 000 207 000 205 140 167 000 122 377 327 247 042 200 017 000
220/ 035 206 301 227 041 200 300 227 142 200 300 105 000 377 027 240
240/ 040 000 011 207 027 240 200 000 003 206 300 345 040 000 365 001
260/ 300 145 040 000 362 001 100 340 200 212 300 105 000 377 027 240
300/ 003 000 004 206 337 225 005 000 034 200 207 000 337 213 036 200
320/ 061 003 300 227 042 200 027 240 016 000 023 206 300 227 041 200
340/ 300 345 017 000 027 240 003 000 014 206 337 213 037 200 011 002
360/ 337 225 001 000 037 200 337 225 001 000 040 200 337 025 356 065
400/ 032 200 301 227 041 200 300 227 147 200 100 340 200 212 300 105
420/ 000 377 027 240 003 000 016 206 301 227 042 200 300 227 150 200
440/ 100 340 200 212 300 105 000 377 027 240 004 000 003 206 337 225
460/ 006 000 034 200 207 000 301 025 110 202 303 025 342 051 367 011
500/ 264 017 302 027 000 200 303 027 002 200 203 340 002 206 237 020
520/ 002 200 301 025 146 202 303 027 002 200 367 011 242 017 201 012
540/ 303 027 000 200 367 011 230 017 201 012 201 012 300 227 004 200
560/ 367 011 312 017 201 012 300 227 155 200 005 002 303 025 336 051
600/ 367 011 162 017 007 001 000 213 300 105 000 377 300 145 024 000
620/ 367 011 252 017 201 012 300 227 007 200 367 011 240 017 300 227
640/ 010 200 300 105 000 377 300 212 001 200 207 000 001 002 207 000
660/ 004 220 302 225 036 000 246 020 267 220 270 017 067 212 265 017
700/ 367 011 056 015 303 025 226 023 367 011 066 001 367 011 062 001
720/ 202 025 302 345 003 000 302 105 000 377 023 177 207 000 040 040
740/ 040 000 124 117 120 040 040 040 123 103 117 122 105 040 124 111
760/ 115 105 040 103 101 122 040 123 124 107 000 000 337 213 035 200


BLOCK NUMBER  000025
000/ 001 002 207 000 301 025 261 202 303 025 172 052 367 011 346 016
020/ 301 025 306 202 367 227 013 200 136 017 367 227 014 200 131 017
040/ 303 035 124 017 302 025 040 000 300 224 003 002 303 025 206 052
060/ 373 001 021 220 207 176 337 213 020 200 001 003 207 000 367 227
100/ 013 200 064 017 367 227 014 200 057 017 267 012 052 017 337 235
120/ 046 017 013 200 337 235 041 017 014 200 303 035 032 017 313 213
140/ 001 003 207 000 303 025 206 052 367 020 014 017 337 235 010 017
160/ 013 200 337 235 003 017 014 200 207 000 107 101 115 105 040 040
200/ 040 117 126 105 122 000 040 040 040 040 040 040 040 040 040 040
220/ 040 123 124 117 120 040 124 110 105 040 042 111 124 101 040 105
240/ 130 120 122 105 123 123 042 040 040 040 040 133 112 135 040 117
260/ 122 040 133 113 135 040 106 117 122 040 112 117 131 123 124 111
300/ 103 113 040 117 122 040 113 105 131 102 117 101 122 104 040 040
320/ 040 040 103 117 120 131 122 111 107 110 124 040 100 040 061 071
340/ 071 060 040 102 131 040 040 114 127 117 127 040 040 123 117 106
360/ 124 000 000 000 000 000 000 000 000 000 000 000 000 000 000 000
400/ 000 000 300 222 004 002 203 012 037 220 103 202 207 000 300 227
420/ 103 202 300 105 000 377 367 224 126 016 300 155 122 016 011 220
440/ 302 224 302 105 000 377 201 140 167 000 326 377 367 227 015 200
460/ 076 016 300 025 001 000 067 170 066 016 337 235 062 016 015 200
500/ 303 025 016 200 367 011 044 000 303 025 020 200 367 011 034 000
520/ 303 025 022 200 367 011 024 000 303 025 024 200 367 011 014 000
540/ 303 025 026 200 367 011 004 000 303 025 030 200 213 212 363 242
560/ 001 000 001 207 013 212 207 000 207 000 207 000 337 213 035 200
600/ 001 003 207 000 337 213 040 200 001 002 207 000 303 027 032 200
620/ 300 234 001 000 200 212 003 002 037 220 040 200 207 000 367 224
640/ 324 015 367 224 321 015 302 035 314 015 337 020 032 200 301 025
660/ 005 000 167 000 012 015 337 225 001 000 007 200 337 225 003 000
700/ 010 200 037 012 000 200 303 025 000 250 367 020 252 015 337 235
720/ 246 015 011 200 337 235 241 015 012 200 207 000 367 011 004 001
740/ 037 212 164 200 037 212 075 200 037 212 074 200 037 212 054 200
760/ 037 212 065 200 037 212 071 200 337 225 001 000 006 200 337 225


BLOCK NUMBER  000026
000/ 001 000 155 200 301 025 017 007 337 225 017 000 041 200 337 225
020/ 007 000 042 200 337 025 216 041 156 200 037 012 162 200 303 025
040/ 240 062 367 224 120 015 367 224 115 015 302 035 110 015 337 020
060/ 170 200 237 020 166 200 303 025 100 200 302 025 020 000 300 227
100/ 007 200 301 025 004 000 027 240 003 000 004 206 200 212 001 020
120/ 301 105 000 377 023 212 213 220 303 145 004 000 013 212 303 145
140/ 003 000 302 145 040 000 112 176 313 225 377 000 207 000 367 011
160/ 162 000 037 212 143 200 037 212 144 200 037 212 153 200 337 225
200/ 002 000 006 200 337 225 003 000 142 200 337 225 013 000 155 200
220/ 337 225 017 000 041 200 337 225 020 000 042 200 367 025 006 037
240/ 326 014 337 235 322 014 145 200 337 235 315 014 146 200 303 025
260/ 100 200 302 035 132 323 300 227 007 200 301 025 004 000 300 245
300/ 003 000 004 206 200 212 001 020 301 105 000 377 023 212 223 220
320/ 203 012 203 012 203 012 023 212 203 012 203 012 302 145 040 000
340/ 113 176 207 000 037 212 015 200 037 212 016 200 037 212 020 200
360/ 037 212 022 200 037 212 030 200 037 212 034 200 037 212 043 200
400/ 037 212 044 200 037 212 045 200 037 212 046 200 037 212 047 200
420/ 037 212 050 200 037 212 050 200 037 212 051 200 037 212 154 200
440/ 037 212 005 200 037 212 036 200 037 212 040 200 037 212 037 200
460/ 037 212 055 200 337 225 310 000 004 200 207 000 367 011 070 376
500/ 337 025 000 002 174 200 337 225 003 000 176 200 367 011 334 011
520/ 367 011 330 375 367 011 172 367 367 011 332 373 367 011 164 364
540/ 367 011 006 366 367 011 356 363 367 011 206 360 367 011 346 361
560/ 367 011 214 345 367 011 204 374 367 011 116 370 367 011 320 365
600/ 367 011 376 366 367 011 344 360 337 213 015 200 337 002 367 011
620/ 312 362 367 011 112 000 237 212 041 200 337 213 154 200 326 002
640/ 367 011 324 375 337 225 001 000 036 200 337 225 035 000 147 200
660/ 337 225 013 000 150 200 337 225 377 000 151 200 337 225 001 000
700/ 152 200 037 012 044 200 037 012 046 200 037 212 043 200 037 012
720/ 050 200 337 225 035 000 041 200 337 225 020 000 042 200 207 000
740/ 337 213 035 200 032 002 303 027 174 200 302 020 301 025 005 000
760/ 337 213 176 200 002 003 367 011 306 012 303 145 340 377 337 020


BLOCK NUMBER  000027
000/ 174 200 300 227 176 200 027 240 017 000 007 003 027 240 011 000
020/ 005 206 300 145 003 000 037 220 176 200 207 000 200 212 373 001
040/ 040 040 142 142 142 142 142 142 142 142 142 142 142 142 142 142
060/ 142 142 142 142 142 142 142 142 142 142 142 142 142 142 142 142
100/ 040 040 142 142 142 142 142 142 142 142 142 142 142 142 142 142
120/ 142 142 142 142 142 142 142 142 142 142 142 142 142 142 142 142
140/ 150 150 166 153 153 164 142 142 142 142 142 142 142 142 142 142
160/ 142 142 142 142 142 142 142 142 142 142 142 142 142 142 142 142
200/ 150 150 177 154 154 151 154 151 154 154 154 177 154 154 154 177
220/ 154 154 154 177 154 154 154 177 154 154 154 177 154 154 154 177
240/ 150 150 177 162 162 151 151 151 162 162 162 177 162 162 162 177
260/ 162 162 162 177 162 162 162 177 162 162 162 177 162 162 162 177
300/ 150 150 165 141 141 163 141 141 141 141 141 141 141 141 141 141
320/ 141 141 141 141 141 141 141 141 141 141 141 141 141 141 141 141
340/ 150 150 165 141 141 163 141 141 141 141 141 141 141 141 141 141
360/ 141 141 141 141 141 141 141 141 141 141 141 141 141 141 141 141
400/ 150 150 166 142 142 164 142 142 142 142 142 142 142 142 010 011
420/ 012 013 014 015 016 142 142 142 142 142 142 142 142 142 142 142
440/ 150 150 166 142 142 164 142 142 142 142 142 142 142 142 030 031
460/ 032 033 034 035 036 142 142 142 142 142 142 142 142 142 142 142
500/ 040 040 142 153 153 142 142 142 142 142 142 142 142 142 142 142
520/ 142 142 142 142 142 142 142 142 142 142 142 142 142 142 142 142
540/ 167 170 151 151 151 151 151 151 151 151 151 151 151 151 151 151
560/ 151 151 151 151 151 151 151 151 151 151 151 151 151 151 151 151
600/ 040 040 140 143 144 140 143 144 140 145 040 040 157 160 161 040
620/ 040 157 160 160 160 161 040 040 146 140 143 144 140 143 144 140
640/ 147 147 147 155 156 147 155 156 147 147 147 147 147 147 147 147
660/ 147 147 147 147 147 147 147 147 147 147 155 156 147 155 156 147
700/ 040 040 347 177 177 177 177 177 177 177 177 177 177 177 177 177
720/ 177 177 177 177 177 177 177 177 177 177 177 177 177 177 177 347
740/ 150 150 347 344 344 344 344 343 344 344 343 344 344 343 344 344
760/ 343 344 344 343 344 344 343 344 344 343 344 344 344 344 344 347


BLOCK NUMBER  000030
000/ 150 150 347 177 177 177 177 352 177 177 352 177 177 352 177 177
020/ 352 177 177 352 177 177 352 177 177 352 177 177 177 177 177 347
040/ 150 150 347 177 177 177 177 372 177 177 372 177 177 372 177 177
060/ 372 177 177 372 177 177 372 177 177 372 177 177 177 177 177 347
100/ 150 150 347 177 177 177 177 177 177 177 177 177 177 177 177 177
120/ 177 177 177 177 177 177 177 177 177 177 177 177 177 177 177 347
140/ 150 150 347 177 177 177 177 177 177 177 177 177 177 177 177 177
160/ 177 177 177 177 177 177 177 177 177 177 177 177 177 177 177 347
200/ 150 150 347 177 177 177 177 177 177 177 177 177 177 177 177 177
220/ 177 177 177 177 177 177 177 177 177 177 177 177 177 177 177 347
240/ 150 150 347 177 177 177 177 177 177 177 177 177 177 177 177 177
260/ 177 177 177 177 177 177 177 177 177 177 177 177 177 177 177 347
300/ 040 040 040 260 261 262 263 263 263 263 263 263 263 264 265 040
320/ 040 040 040 040 040 040 040 040 040 040 040 040 040 040 040 040
340/ 040 040 040 266 267 335 142 142 142 142 142 142 142 142 142 142
360/ 142 142 142 142 142 142 142 142 142 142 142 142 142 142 142 142
400/ 040 040 270 271 267 335 142 142 142 142 142 142 142 142 142 142
420/ 142 142 142 142 142 142 142 142 142 142 142 142 142 142 142 142
440/ 040 040 272 273 274 275 142 142 142 142 142 336 142 142 142 142
460/ 142 142 142 142 142 142 142 142 142 142 142 142 142 142 142 142
500/ 040 302 303 304 142 142 142 166 154 154 164 142 276 177 177 177
520/ 154 154 154 177 154 154 154 177 154 154 154 177 154 154 154 177
540/ 040 305 142 142 142 142 142 166 162 162 164 142 277 177 177 177
560/ 162 162 162 177 162 162 162 177 162 162 162 177 162 162 162 177
600/ 040 306 307 310 142 142 142 166 142 142 164 300 141 141 141 141
620/ 141 141 141 141 141 141 141 141 141 141 141 141 141 141 141 141
640/ 040 311 312 313 142 142 142 166 142 142 164 301 141 141 141 141
660/ 141 141 141 141 141 141 141 141 141 141 141 141 141 141 141 141
700/ 040 314 315 316 142 142 142 166 142 142 164 142 142 142 142 142
720/ 142 142 010 011 012 013 014 015 016 142 142 142 142 142 142 142
740/ 040 317 320 142 142 142 142 166 142 142 164 142 142 142 142 142
760/ 142 142 030 031 032 033 034 035 036 142 142 142 142 142 142 142


BLOCK NUMBER  000031
000/ 040 321 322 142 142 142 142 142 153 153 142 142 142 142 142 142
020/ 142 142 142 142 142 142 142 142 142 142 142 142 142 142 142 142
040/ 323 324 151 151 151 151 151 151 151 151 151 151 151 151 151 151
060/ 151 151 151 151 151 151 151 151 151 151 151 151 151 151 151 151
100/ 325 326 331 331 333 143 144 140 143 144 140 145 040 157 160 161
120/ 040 040 157 160 160 160 161 040 040 146 143 144 140 143 144 140
140/ 327 330 332 332 334 155 156 147 155 156 147 147 147 147 147 147
160/ 147 147 147 147 147 147 147 147 147 147 155 156 147 155 156 147
200/ 171 172 173 174 175 176 171 172 173 174 175 176 171 172 173 174
220/ 175 176 171 172 173 174 175 176 171 172 173 174 175 176 171 172
240/ 200 002 120 000 120 000 240 000 020 000 360 000 120 000 240 000
260/ 040 000 000 000 040 040 040 040 040 040 040 040 040 040 040 040
300/ 101 114 114 040 103 101 123 124 040 040 040 040 040 040 040 040
320/ 040 040 040 040 040 040 040 040 040 040 040 040 040 040 040 040
340/ 040 040 040 040 040 040 040 040 040 040 040 040 040 040 040 040
360/ 040 040 040 040 040 040 040 040 040 040 040 040 040 040 040 040
400/ 040 040 040 200 201 040 040 040 040 040 040 040 040 040 040 040
420/ 040 040 040 040 040 040 040 040 040 040 040 040 040 040 040 040
440/ 040 040 040 220 221 040 040 040 040 040 040 040 040 040 040 040
460/ 040 040 040 040 040 040 040 040 040 040 040 040 040 040 040 040
500/ 040 040 040 240 241 040 040 040 040 040 040 040 040 040 040 040
520/ 040 040 040 040 040 040 040 040 040 040 040 040 040 040 040 040
540/ 040 040 040 040 040 040 040 040 040 040 040 040 040 040 040 040
560/ 040 040 040 040 040 040 040 040 040 040 040 040 040 040 040 040
600/ 040 040 040 131 117 125 040 040 040 040 040 040 040 040 040 040
620/ 040 040 040 040 040 040 040 040 040 040 040 040 040 040 040 040
640/ 040 040 040 040 040 040 040 040 040 040 040 040 040 040 040 040
660/ 040 040 040 040 040 040 040 040 040 040 040 040 040 040 040 040
700/ 040 040 040 040 040 040 040 040 040 040 040 040 040 040 040 040
720/ 040 040 040 040 040 040 040 040 040 040 040 040 216 217 040 040
740/ 040 040 040 040 040 040 040 040 040 040 040 040 040 040 040 040
760/ 040 040 040 040 040 040 040 040 040 040 040 040 252 253 351 040


BLOCK NUMBER  000032
000/ 124 122 101 111 116 040 107 101 116 107 123 124 105 122 040 040
020/ 040 040 040 040 040 040 040 040 040 040 040 040 272 273 040 040
040/ 040 040 040 040 040 040 040 040 040 040 040 040 040 040 040 040
060/ 040 040 040 040 040 040 040 040 040 040 040 040 040 040 040 040
100/ 040 040 040 040 040 040 040 040 040 040 040 040 040 040 040 040
120/ 040 040 040 040 040 040 040 040 040 040 040 040 352 353 040 040
140/ 040 040 040 040 040 040 040 040 040 040 040 040 040 040 040 040
160/ 040 040 040 040 040 040 040 040 040 040 040 040 372 373 040 040
200/ 123 116 101 113 105 040 102 111 122 104 040 040 040 040 040 040
220/ 040 040 040 040 040 040 040 040 040 040 040 040 040 040 040 040
240/ 040 040 040 040 040 040 040 040 040 040 040 040 040 040 040 040
260/ 040 040 040 040 040 040 040 040 040 040 040 040 312 313 040 040
300/ 123 116 101 113 105 040 102 111 122 104 040 040 040 040 040 040
320/ 040 040 040 040 040 040 040 040 040 040 040 040 332 333 040 040
340/ 127 111 124 110 040 120 114 125 103 113 105 104 040 127 111 116
360/ 107 040 040 040 040 040 040 040 040 040 040 040 040 040 040 040
400/ 040 040 040 040 040 040 040 040 040 040 040 040 040 040 040 040
420/ 040 040 040 040 040 040 040 040 040 040 040 040 040 040 040 040
440/ 040 040 040 040 040 040 040 040 040 040 040 040 040 040 040 040
460/ 040 040 040 040 040 040 040 040 040 040 040 120 122 105 123 123
500/ 040 040 105 116 124 105 122 040 040 117 116 040 113 105 131 102
520/ 117 101 122 104 040 040 040 040 040 040 040 040 040 040 040 040
540/ 040 040 040 040 040 040 040 040 040 040 040 040 040 040 040 040
560/ 040 040 040 040 040 040 040 040 040 040 040 040 040 040 040 040
600/ 101 116 104 040 040 123 124 101 122 124 040 107 101 115 105 040
620/ 040 040 040 040 040 040 040 040 040 040 040 040 040 040 040 040
640/ 040 040 040 040 040 040 040 040 040 040 040 040 040 040 040 040
660/ 040 040 040 040 040 040 040 040 040 040 040 040 124 110 111 123
700/ 040 107 101 115 105 040 111 123 040 106 111 103 124 111 117 116
720/ 040 056 056 056 335 001 000 000 000 000 000 000 335 001 000 000
740/ 335 001 000 000 173 001 000 000 000 000 000 000 377 377 237 000
760/ 237 000 237 000 237 000 325 000 325 000 325 000 325 000 357 000


BLOCK NUMBER  000033
000/ 357 000 357 000 357 000 216 000 216 000 216 000 216 000 263 000
020/ 263 000 263 000 263 000 377 377 216 000 107 000 237 000 120 000
040/ 275 000 137 000 357 000 167 000 076 001 335 001 377 377 216 000
060/ 263 000 325 000 357 000 377 377 216 000 360 000 264 000 000 000
100/ 377 377 000 012 037 220 015 200 037 220 141 200 037 220 102 202
120/ 037 220 103 202 300 012 037 220 140 200 303 025 000 003 337 020
140/ 016 200 303 025 000 004 337 020 020 200 337 220 061 200 337 220
160/ 067 200 337 020 076 200 303 000 337 220 062 200 337 220 070 200
200/ 337 025 000 006 022 200 337 025 000 010 024 200 337 025 000 015
220/ 026 200 337 025 000 020 030 200 037 012 002 200 303 025 200 062
240/ 302 025 042 202 301 025 040 000 322 224 102 176 207 000 367 011
260/ 136 000 037 212 105 202 303 025 204 071 367 011 004 000 167 000
300/ 152 000 300 224 301 224 300 105 000 377 301 105 000 377 002 020
320/ 300 014 300 014 300 014 200 140 302 025 106 210 200 140 102 020
340/ 301 014 301 014 301 014 201 140 320 224 102 176 207 000 167 020
360/ 202 002 146 021 305 235 175 002 301 235 170 002 305 014 305 014
400/ 305 014 305 014 305 014 101 141 301 145 106 202 205 025 207 000
420/ 300 025 040 000 303 025 106 202 301 025 000 003 023 220 102 176
440/ 301 025 000 003 100 012 023 220 102 176 207 000 046 021 146 021
460/ 302 025 106 202 303 025 106 205 304 025 010 100 305 025 030 000
500/ 146 021 305 025 040 000 337 125 200 000 300 337 337 027 300 337
520/ 000 377 200 222 013 240 057 003 300 105 000 377 023 220 046 021
540/ 001 020 300 014 300 014 300 014 100 140 300 145 106 210 001 234
560/ 010 000 024 224 114 220 304 145 117 000 024 224 114 220 304 145
600/ 117 000 024 224 114 220 304 145 117 000 024 224 114 220 304 145
620/ 117 000 024 224 114 220 304 145 117 000 024 224 114 220 304 145
640/ 117 000 024 224 114 220 304 145 117 000 024 224 114 220 304 145
660/ 117 000 204 025 001 001 023 220 322 225 040 000 324 013 167 177
700/ 337 105 200 000 300 337 337 027 300 337 000 377 304 145 100 002
720/ 205 025 305 012 265 002 205 025 204 025 207 000 300 027 142 377
740/ 100 012 300 105 360 377 007 003 346 020 303 025 000 070 003 140
760/ 300 222 203 025 207 000 367 011 026 000 300 105 337 377 207 000


BLOCK NUMBER  000034
000/ 000 066 064 000 062 063 061 062 070 071 067 000 000 063 067 000
020/ 367 213 200 000 003 002 000 012 207 000 372 001 300 027 142 377
040/ 100 012 300 105 357 377 300 014 207 000 367 213 146 000 036 003
060/ 300 027 142 377 100 012 300 105 360 377 001 002 207 000 146 020
100/ 301 025 114 070 001 140 100 222 201 025 207 000 000 003 007 000
120/ 005 004 006 005 001 002 010 000 000 004 010 000 070 070 071 071
140/ 066 066 063 063 062 062 061 061 064 064 067 067 367 011 224 312
160/ 346 020 146 020 303 025 134 070 301 025 020 000 023 240 003 003
200/ 103 176 301 025 022 000 300 025 022 000 100 340 200 014 201 025
220/ 203 025 207 000 000 000 367 011 152 312 300 245 113 000 015 003
240/ 300 245 112 000 004 003 367 011 162 377 001 002 207 000 367 025
260/ 001 000 340 377 300 025 377 000 207 000 067 012 326 377 372 001
300/ 302 013 001 002 207 000 301 014 346 020 337 125 140 000 306 337
320/ 337 027 306 337 204 377 367 011 026 000 337 105 140 000 306 337
340/ 337 027 306 337 204 377 367 011 006 000 121 176 203 025 207 000
360/ 203 020 301 176 207 000 313 213 001 002 207 000 321 224 373 001
400/ 302 025 020 047 367 011 044 000 302 025 350 003 367 011 034 000
420/ 302 025 144 000 367 011 024 000 302 025 012 000 367 011 014 000
440/ 303 145 060 000 321 220 321 225 060 000 207 000 300 025 060 000
460/ 203 340 002 207 200 012 374 001 203 140 021 220 207 000 300 105
500/ 000 377 346 020 302 025 144 000 367 011 022 000 302 025 012 000
520/ 367 011 012 000 300 145 060 000 021 220 203 025 207 000 303 025
540/ 060 000 200 340 002 207 203 012 374 001 200 140 321 220 207 000
560/ 000 000 000 000 000 000 000 000 000 000 000 000 000 000 000 000
600/ 000 000 000 000 000 200 014 034 014 014 014 014 077 000 103 000
620/ 000 000 000 000 000 000 000 107 001 002 005 013 026 054 134 274
640/ 106 000 200 100 240 320 150 164 172 106 020 060 137 201 137 060
660/ 020 000 107 010 014 372 201 372 014 010 000 107 010 024 042 167
700/ 024 024 024 034 107 034 024 024 024 167 042 024 010 107 377 377
720/ 377 377 377 377 377 374 141 377 377 377 370 340 377 000 001 141
740/ 377 377 370 020 040 300 201 002 141 377 377 020 040 100 200 000
760/ 040 141 377 377 000 000 001 002 004 110 141 377 377 137 220 020


BLOCK NUMBER  000035
000/ 037 020 020 141 377 377 377 000 003 377 017 037 141 000 000 000
020/ 000 000 000 000 000 107 000 000 000 000 000 000 000 000 107 000
040/ 000 000 000 000 000 000 000 107 276 137 056 027 013 005 002 001
060/ 106 372 364 350 320 240 100 200 000 106 000 000 000 000 000 000
100/ 000 000 107 000 000 000 000 000 000 000 000 107 000 000 000 000
120/ 000 000 000 000 107 000 000 000 000 000 000 000 000 107 377 360
140/ 340 377 300 000 377 377 141 001 373 367 017 337 277 000 000 114
160/ 007 010 021 076 104 210 377 377 141 077 176 375 370 366 355 000
200/ 000 114 017 337 277 177 375 371 000 000 114 037 020 020 037 020
220/ 023 377 377 141 377 077 177 377 377 377 377 377 141 000 000 000
240/ 000 000 000 000 000 107 000 000 000 000 000 000 000 000 107 070
260/ 174 174 070 020 000 020 000 107 167 167 042 000 000 000 000 000
300/ 107 024 026 034 066 034 064 024 000 107 024 077 124 076 025 176
320/ 024 000 107 041 122 044 010 022 045 102 000 107 060 110 110 060
340/ 112 104 072 000 107 060 060 020 040 000 000 000 000 107 010 020
360/ 040 040 040 020 010 000 107 040 020 010 010 010 020 040 000 107
400/ 000 104 050 020 050 104 000 000 107 000 020 020 174 020 020 000
420/ 000 107 000 000 000 060 060 020 040 000 107 000 000 000 174 000
440/ 000 000 000 107 000 000 000 060 170 170 060 000 107 000 020 000
460/ 174 000 020 000 000 107 034 046 143 143 143 062 034 000 107 014
500/ 034 014 014 014 014 077 000 107 076 143 007 036 074 160 177 000
520/ 107 077 006 014 036 003 143 076 000 107 016 036 066 146 177 006
540/ 006 000 107 176 140 176 003 003 143 076 000 107 036 060 140 176
560/ 143 143 076 000 107 177 143 006 014 030 030 030 000 107 074 142
600/ 162 074 107 103 076 000 107 076 143 143 077 003 006 074 000 107
620/ 000 060 060 000 060 060 000 000 107 000 060 060 000 060 020 040
640/ 000 107 014 030 060 140 060 030 014 000 107 000 000 176 000 176
660/ 000 000 000 107 060 030 014 006 014 030 060 000 107 074 146 146
700/ 014 020 000 020 000 107 074 102 231 241 241 231 102 074 107 034
720/ 066 143 143 177 143 143 000 107 176 143 143 176 143 143 176 000
740/ 107 036 063 140 140 140 063 036 000 107 174 146 143 143 143 146
760/ 174 000 107 177 140 140 176 140 140 177 000 107 177 140 140 176


BLOCK NUMBER  000036
000/ 140 140 140 000 107 037 060 140 157 143 063 037 000 107 143 143
020/ 143 177 143 143 143 000 107 077 014 014 014 014 014 077 000 107
040/ 003 003 003 003 143 143 076 000 107 143 146 154 170 174 156 147
060/ 000 107 060 060 060 060 060 060 077 000 107 143 167 177 177 153
100/ 143 143 000 107 143 163 173 177 157 147 143 000 107 076 143 143
120/ 143 143 143 076 000 107 176 143 143 143 176 140 140 000 107 076
140/ 143 143 143 157 162 075 000 107 176 143 143 147 174 156 147 000
160/ 107 074 146 140 076 003 143 076 000 107 077 014 014 014 014 014
200/ 014 000 107 143 143 143 143 143 143 076 000 107 143 143 143 167
220/ 076 034 010 000 107 143 143 153 177 177 167 143 000 107 143 167
240/ 076 034 076 167 143 000 107 063 063 063 036 014 014 014 000 107
260/ 177 007 016 034 070 160 177 000 107 016 014 014 014 014 014 016
300/ 000 107 146 074 176 030 176 030 030 000 107 160 060 060 060 060
320/ 060 160 000 107 006 030 140 030 006 176 000 176 107 140 030 006
340/ 030 140 176 000 176 107 377 377 377 377 377 377 000 000 104 377
360/ 377 377 377 377 377 377 377 102 377 377 377 377 377 377 377 377
400/ 101 377 377 377 377 377 377 337 357 104 377 377 377 377 377 377
420/ 373 367 104 360 360 340 340 300 300 000 000 104 017 017 007 007
440/ 003 003 000 000 104 000 000 000 000 000 377 377 377 105 124 212
460/ 125 210 105 250 104 252 107 000 377 377 377 377 377 377 377 104
500/ 377 000 000 377 377 377 377 377 107 000 377 377 377 377 377 377
520/ 377 101 000 377 377 377 377 377 377 377 105 157 163 074 037 007
540/ 370 377 377 105 366 316 074 370 340 037 377 377 105 177 157 147
560/ 067 063 033 016 003 106 377 377 377 377 377 377 377 377 106 376
600/ 376 366 374 374 350 360 300 106 377 377 377 377 377 377 377 000
620/ 105 177 177 177 177 177 177 177 177 102 177 177 177 177 177 177
640/ 177 177 101 376 376 376 376 376 376 376 376 102 376 376 376 376
660/ 376 376 376 376 101 037 077 374 376 376 376 374 037 107 270 334
700/ 357 357 357 357 337 270 105 101 301 216 136 314 061 173 161 102
720/ 314 245 163 353 030 222 307 303 102 314 316 354 345 341 047 017
740/ 007 102 020 063 271 232 313 347 327 273 102 006 073 175 175 073
760/ 204 356 207 102 007 217 347 360 354 336 036 014 102 000 000 000


BLOCK NUMBER  000037
000/ 000 000 000 000 000 107 200 200 376 077 177 237 177 317 237 014
020/ 106 312 366 377 376 377 377 376 377 106 123 157 377 177 377 377
040/ 177 377 106 177 374 376 371 376 363 371 060 106 000 000 376 077
060/ 177 237 177 317 106 000 000 312 366 377 376 377 377 106 000 000
100/ 000 000 000 000 000 000 107 000 000 000 000 000 000 000 000 107
120/ 037 017 027 033 007 001 313 366 102 170 360 360 340 340 040 174
140/ 176 102 037 017 027 033 007 001 003 006 102 170 360 360 340 340
160/ 040 170 174 102 037 017 027 033 007 001 003 006 102 170 360 360
200/ 340 340 040 170 074 102 160 370 377 177 017 017 000 062 102 000
220/ 000 370 374 374 374 374 370 102 013 073 037 016 001 007 003 012
240/ 107 175 370 370 360 360 340 300 300 107 276 037 037 017 017 007
260/ 003 003 107 320 334 370 160 200 340 300 120 107 037 014 013 073
300/ 037 035 003 017 107 376 377 175 370 367 373 373 377 107 000 000
320/ 000 000 374 377 377 377 104 000 000 000 000 000 370 370 370 104
340/ 166 066 007 007 007 007 007 017 102 177 367 366 360 300 340 100
360/ 000 102 166 166 007 007 007 016 016 036 102 116 276 274 360 160
400/ 160 160 360 102 006 025 025 007 070 034 010 000 102 174 370 340
420/ 360 360 360 160 360 102 037 077 077 077 077 037 000 000 102 114
440/ 000 220 360 376 377 037 016 102 024 065 147 007 017 016 034 074
460/ 104 330 336 347 340 360 160 060 170 104 033 173 347 007 017 016
500/ 014 036 104 050 254 346 340 360 160 070 074 104 000 000 000 000
520/ 000 000 000 000 107 000 000 000 000 000 000 000 000 107 000 000
540/ 123 157 377 177 377 377 106 000 000 177 374 376 371 376 363 106
560/ 037 017 027 033 007 371 372 005 102 170 360 360 340 340 160 370
600/ 374 102 037 017 027 033 007 001 002 005 102 170 360 360 340 340
620/ 157 367 270 102 170 070 034 017 017 017 017 036 102 036 034 070
640/ 360 340 340 140 150 102 036 016 034 017 017 017 007 032 102 170
660/ 160 070 360 340 340 140 130 102 364 365 007 337 177 060 000 000
700/ 104 337 337 340 347 377 172 000 000 104 373 373 007 347 377 136
720/ 000 000 104 057 257 340 373 376 014 000 000 104 000 000 000 000
740/ 000 037 037 037 104 000 000 000 000 077 377 377 377 104 177 177
760/ 076 037 357 337 337 377 107 370 060 320 334 370 270 300 360 107


BLOCK NUMBER  000040
000/ 005 007 007 007 036 034 034 074 102 377 357 360 360 170 074 016
020/ 034 102 005 006 006 007 016 034 034 074 102 070 360 360 360 160
040/ 070 034 074 102 076 176 364 307 007 017 017 036 102 154 316 263
060/ 333 300 340 360 370 102 072 166 064 007 007 017 017 036 102 134
100/ 354 300 370 314 340 360 370 102 376 077 177 237 177 317 237 014
120/ 106 312 366 377 376 377 377 376 377 106 045 376 177 277 177 177
140/ 377 377 106 300 200 340 370 374 376 377 377 107 000 000 000 000
160/ 000 340 150 334 104 000 001 003 007 003 014 017 013 104 000 330
200/ 354 354 166 166 066 066 104 017 077 160 117 077 174 174 173 104
220/ 000 000 002 006 015 012 037 077 107 131 355 057 377 377 377 177
240/ 177 106 000 000 000 000 006 015 017 006 107 000 003 036 174 370
260/ 360 340 300 102 000 000 000 000 006 015 017 006 107 000 000 000
300/ 000 174 377 370 340 102 000 000 000 000 006 015 017 006 107 000
320/ 000 000 000 000 140 370 376 102 013 067 033 017 003 001 000 001
340/ 107 174 370 370 360 360 340 300 300 107 376 376 377 377 377 364
360/ 267 232 106 374 370 120 260 140 100 000 000 107 336 076 076 374
400/ 362 016 374 360 104 003 003 007 017 017 037 037 076 107 200 000
420/ 200 300 360 330 354 320 107 073 026 007 000 000 000 000 000 104
440/ 377 377 177 077 037 007 001 003 107 377 377 376 376 375 376 177
460/ 244 106 007 007 007 203 207 317 176 070 102 200 300 360 374 377
500/ 301 000 000 102 007 007 007 003 077 377 206 000 102 200 340 376
520/ 377 360 300 000 000 102 007 007 007 073 177 307 201 200 102 377
540/ 200 377 377 374 360 300 000 102 154 154 156 156 067 067 033 000
560/ 104 320 360 060 300 340 300 200 000 104 300 300 200 100 300 300
600/ 200 100 102 000 000 000 000 000 000 000 000 107 000 000 000 000
620/ 000 000 000 000 107 377 177 377 377 177 377 157 123 106 060 371
640/ 363 376 371 376 374 177 106 000 000 000 000 000 000 000 000 107
660/ 000 000 004 173 373 173 004 000 107 000 000 040 336 337 336 040
700/ 000 107 000 300 170 076 037 017 007 003 102 000 000 000 000 140
720/ 260 360 140 107 000 000 000 000 076 377 037 007 102 000 000 000
740/ 000 140 260 360 140 107 000 000 000 000 000 006 037 177 102 000
760/ 000 000 000 140 260 360 140 107 377 000 000 000 000 000 000 000


BLOCK NUMBER  000041
000/ 107 000 377 000 000 000 000 000 000 107 000 000 377 000 000 000
020/ 000 000 107 000 000 000 377 000 000 000 000 107 000 000 000 000
040/ 377 000 000 000 107 000 000 000 000 000 377 000 000 107 000 000
060/ 000 000 000 000 377 000 107 000 000 000 000 000 000 000 377 107
100/ 377 377 377 377 377 377 377 377 107 146 314 231 063 146 314 231
120/ 063 103 001 003 017 077 377 203 000 000 102 356 354 330 321 341
140/ 363 176 034 102 001 007 177 377 017 003 000 000 102 340 347 356
160/ 320 374 377 141 000 102 377 001 377 377 077 017 003 000 102 340
200/ 340 340 334 376 143 271 035 102 200 200 376 077 177 237 177 317
220/ 237 014 106 312 366 377 376 377 377 376 377 106 123 157 377 177
240/ 377 377 177 377 106 177 374 376 371 376 363 371 060 106 000 000
260/ 376 077 177 237 177 317 106 000 000 312 366 377 376 375 374 106
300/ 000 000 000 000 000 000 000 000 107 000 000 000 000 000 000 000
320/ 000 107 036 017 017 007 007 004 076 176 102 370 360 350 330 340
340/ 200 323 157 102 036 017 017 007 007 004 036 076 102 370 360 350
360/ 330 340 200 300 140 102 036 017 017 007 007 004 036 074 102 370
400/ 360 350 330 340 200 300 140 102 000 000 037 077 077 077 077 037
420/ 102 016 037 377 376 360 360 000 114 102 013 073 037 016 001 007
440/ 003 002 107 174 370 370 360 360 340 300 300 107 276 037 037 017
460/ 017 007 003 003 107 320 334 370 160 200 340 300 100 107 037 014
500/ 013 073 037 035 013 007 107 370 370 170 370 367 373 373 377 107
520/ 000 000 000 000 374 377 377 377 104 000 000 000 000 000 370 370
540/ 370 104 376 357 157 017 003 007 002 000 102 156 154 340 340 340
560/ 340 340 360 102 162 175 075 017 016 016 016 017 102 156 156 340
600/ 340 340 160 160 170 102 076 037 007 017 017 017 016 017 102 140
620/ 250 250 340 034 070 020 000 102 000 000 000 000 000 000 000 000
640/ 107 000 000 000 000 000 000 000 000 107 024 065 147 007 017 016
660/ 034 074 104 330 336 347 340 360 160 060 170 104 033 173 347 007
700/ 017 016 014 036 104 070 274 346 340 360 160 070 074 104 000 000
720/ 000 000 000 000 000 000 107 000 000 000 000 000 000 000 000 107
740/ 000 000 123 157 377 177 277 077 106 000 000 177 374 376 371 376
760/ 363 106 036 017 017 007 007 016 037 077 102 370 360 350 330 340


BLOCK NUMBER  000042
000/ 237 137 240 102 036 017 017 007 007 366 357 035 102 370 360 350
020/ 330 340 200 100 240 102 000 140 360 361 363 172 075 075 102 000
040/ 000 000 020 230 314 354 370 102 000 000 000 000 000 001 007 007
060/ 102 174 376 363 363 177 277 337 356 105 364 365 007 337 177 060
100/ 000 000 104 337 337 340 347 377 172 000 000 104 373 373 007 347
120/ 377 136 000 000 104 057 257 340 373 376 014 000 000 104 000 000
140/ 000 000 000 037 037 037 104 000 000 000 000 077 377 377 377 104
160/ 037 037 036 037 357 337 337 377 107 370 060 320 334 370 270 320
200/ 340 107 377 367 017 017 036 074 160 070 102 240 340 340 340 170
220/ 070 070 074 102 034 017 017 017 016 034 070 074 102 240 140 140
240/ 340 160 070 070 074 102 072 077 077 077 077 077 037 000 102 370
260/ 371 377 377 377 347 207 003 102 017 374 370 361 363 377 377 370
300/ 102 004 200 000 000 000 000 000 000 107 376 077 177 237 177 317
320/ 237 014 106 312 366 377 376 377 377 376 377 106 017 077 160 117
340/ 077 174 174 173 104 000 000 002 006 015 012 037 077 107 131 355
360/ 057 377 377 377 177 177 106 000 001 003 007 003 014 017 013 104
400/ 000 330 354 354 166 166 066 066 104 045 376 177 277 177 177 377
420/ 377 106 000 000 340 370 374 376 377 377 107 000 000 000 000 000
440/ 340 150 334 104 007 037 070 161 140 200 200 200 107 340 370 374
460/ 376 376 077 077 376 105 000 000 000 001 001 003 003 003 102 074
500/ 176 377 377 371 371 377 176 107 000 000 000 001 001 003 003 003
520/ 102 074 176 377 377 377 371 371 176 107 013 067 033 017 003 001
540/ 000 001 107 174 370 370 360 360 340 300 300 107 073 026 007 000
560/ 000 000 000 000 104 377 377 177 077 037 007 000 000 107 377 377
600/ 376 376 375 376 177 244 106 003 003 007 017 017 037 037 076 107
620/ 200 000 200 300 360 330 354 320 107 376 376 377 377 377 364 267
640/ 232 106 374 370 120 260 140 100 000 000 107 336 076 076 374 362
660/ 016 374 360 104 341 363 363 177 177 077 037 007 105 376 374 374
700/ 371 371 363 306 034 105 007 207 217 337 377 177 173 061 102 377
720/ 377 377 377 377 376 336 214 102 007 007 017 037 077 177 316 206
740/ 102 377 377 377 377 377 377 167 142 102 154 154 156 156 067 067
760/ 033 000 104 320 360 060 300 340 300 200 000 104 300 300 200 100


BLOCK NUMBER  000043
000/ 300 300 200 100 102 070 174 377 377 030 030 030 030 107 000 000
020/ 377 377 000 000 000 000 107 377 177 377 377 177 377 157 123 106
040/ 060 371 363 376 371 376 374 177 107 377 377 377 377 377 377 377
060/ 377 103 000 000 004 173 373 173 004 000 105 000 000 040 336 337
100/ 336 040 000 105 030 030 030 030 030 030 030 030 102 000 000 001
120/ 000 000 000 001 003 105 074 176 377 377 237 237 377 176 107 000
140/ 000 000 200 200 300 300 300 102 074 176 377 377 377 237 237 176
160/ 107 000 000 000 200 200 300 300 300 102 377 000 000 000 000 000
200/ 000 000 107 000 377 000 000 000 000 000 000 107 000 000 377 000
220/ 000 000 000 000 107 000 000 000 377 000 000 000 000 107 000 000
240/ 000 000 377 000 000 000 107 000 000 000 000 000 377 000 000 107
260/ 000 000 000 000 000 000 377 000 107 000 000 000 000 000 000 000
300/ 377 107 377 377 377 377 377 377 377 377 107 146 314 231 063 146
320/ 314 231 063 103 074 102 201 201 201 201 102 074 107 006 015 033
340/ 064 154 320 260 100 105 377 377 377 377 377 177 173 061 102 340
360/ 341 361 373 377 376 336 214 102 377 377 377 377 377 377 356 106
400/ 102 340 340 360 370 374 376 163 141 102 260 060 000 000 001 007
420/ 017 000 037 037 101 000 000 377 377 377 000 377 377 101 000 000
440/ 377 377 377 001 370 374 101 000 000 377 377 377 377 377 377 101
460/ 000 000 360 376 377 377 377 377 101 000 000 000 000 300 360 374
500/ 377 101 077 077 077 177 177 177 377 377 105 377 377 377 377 377
520/ 377 377 377 105 000 001 001 001 003 003 003 007 105 377 377 377
540/ 377 377 377 377 377 105 007 007 017 017 017 037 037 000 105 377
560/ 377 377 377 377 377 377 000 105 377 377 377 377 377 377 377 000
600/ 105 376 376 376 376 376 374 370 000 105 376 376 374 374 370 370
620/ 360 360 101 340 340 300 300 200 200 000 000 101 377 377 377 377
640/ 377 377 377 377 101 377 377 377 377 377 377 377 377 101 000 003
660/ 017 037 077 077 177 177 101 377 377 377 377 377 377 377 377 101
700/ 377 377 377 377 377 377 377 377 101 377 377 377 377 377 377 377
720/ 377 101 377 377 377 377 000 000 000 000 101 377 377 377 377 000
740/ 000 000 000 101 377 377 377 377 000 000 001 001 101 360 370 374
760/ 374 374 374 370 360 103 000 000 000 000 377 377 377 377 101 003


BLOCK NUMBER  000044
000/ 003 007 007 377 377 377 377 101 000 000 000 000 000 000 000 000
020/ 107 000 000 000 000 000 000 000 000 107 037 037 077 077 177 177
040/ 377 377 101 140 160 170 170 170 160 140 000 103 377 377 377 377
060/ 003 003 007 007 101 000 000 000 000 077 077 077 077 101 017 017
100/ 037 037 377 377 377 377 101 000 000 000 000 000 001 001 003 105
120/ 000 177 177 377 377 377 377 377 105 003 007 007 017 017 037 037
140/ 077 105 377 377 377 377 377 377 377 377 105 077 177 177 000 000
160/ 377 377 377 105 377 377 377 000 000 377 377 377 105 377 377 377
200/ 377 377 377 377 377 105 377 377 377 000 000 377 377 377 105 377
220/ 377 377 377 377 377 376 360 105 000 000 000 000 000 377 377 377
240/ 105 376 376 376 376 376 376 376 376 105 000 030 176 176 176 176
260/ 176 000 107 000 000 000 000 000 000 000 000 107 064 047 067 001
300/ 064 037 067 001 064 045 067 001 061 001 062 013 061 001 064 107
320/ 062 025 262 001 260 006 062 031 061 001 064 015 067 001 064 124
340/ 067 001 064 064 061 001 062 021 064 016 061 001 062 014 061 001
360/ 064 017 067 001 064 031 061 002 062 010 061 001 064 023 061 002
400/ 062 012 061 001 064 047 067 001 064 050 067 001 064 040 067 001
420/ 064 041 061 001 062 021 260 006 062 075 060 017 067 001 064 122
440/ 067 001 064 024 061 002 062 010 064 021 061 002 062 007 061 001
460/ 064 024 067 001 062 005 262 011 062 036 064 015 067 001 064 117
500/ 067 001 064 064 061 001 062 012 064 016 061 001 062 015 060 005
520/ 064 001 067 001 260 011 060 001 062 030 060 013 067 001 064 126
540/ 067 001 064 044 061 002 062 012 064 041 061 001 062 013 064 013
560/ 067 001 064 026 061 001 062 020 262 001 260 004 060 003 062 040
600/ 061 001 064 072 067 001 064 030 060 022 071 001 064 024 070 002
620/ 064 022 064 074 067 001 064 042 060 024 070 001 060 104 062 001
640/ 064 072 060 017 066 021 063 005 062 012 063 002 066 032 071 001
660/ 060 017 062 001 064 061 067 001 064 005 067 001 064 155 070 001
700/ 064 005 067 001 064 067 067 001 064 006 067 001 064 160 060 001
720/ 070 001 064 005 067 001 070 005 067 001 064 062 067 001 070 001
740/ 067 002 064 004 067 001 064 001 064 076 067 001 064 113 060 003
760/ 070 001 060 003 064 042 067 001 064 022 067 001 064 144 060 001
